<?xml version="1.0" encoding="UTF-8"?>
<!-- Generated by org.testng.reporters.JUnitReportReporter -->
<testsuite skipped="0" hostname="Bhanus-MacBook-Air.local" name="TC04_GET_Authentication" tests="1" failures="0" timestamp="20 Jan 2020 01:59:47 GMT" time="3.296" errors="0">
  <testcase name="authenticationTest" time="3.296" classname="TC04_GET_Authentication"/>
</testsuite> <!-- TC04_GET_Authentication -->
