<?xml version="1.0" encoding="UTF-8"?>
<!-- Generated by org.testng.reporters.JUnitReportReporter -->
<testsuite skipped="0" hostname="Bhanus-MacBook-Air.local" name="TC01_GET_Request" tests="1" failures="0" timestamp="20 Jan 2020 01:16:37 GMT" time="3.997" errors="0">
  <testcase name="getWeatherDetailsTest" time="3.997" classname="TC01_GET_Request"/>
</testsuite> <!-- TC01_GET_Request -->
